{"uid":"1f0574224f3446d8","name":"Invalid username","fullName":"ui.tests.LoginTests.unsuccessfulLoginWithWrongCredentialsTest","historyId":"6c8db041130fc26b95bf45f47aa7bdd5","time":{"start":1763258748456,"stop":1763258748457,"duration":1},"status":"broken","statusMessage":"Cannot invoke \"ui.locators.LoginPage.getText(String)\" because \"this.loginPage\" is null","statusTrace":"java.lang.NullPointerException: Cannot invoke \"ui.locators.LoginPage.getText(String)\" because \"this.loginPage\" is null\n\tat ui.tests.LoginTests.unsuccessfulLoginWithWrongCredentialsTest(LoginTests.java:41)\n\tat java.base/jdk.internal.reflect.NativeMethodAccessorImpl.invoke0(Native Method)\n\tat java.base/jdk.internal.reflect.NativeMethodAccessorImpl.invoke(NativeMethodAccessorImpl.java:77)\n\tat java.base/jdk.internal.reflect.DelegatingMethodAccessorImpl.invoke(DelegatingMethodAccessorImpl.java:43)\n\tat java.base/java.lang.reflect.Method.invoke(Method.java:569)\n\tat org.testng.internal.invokers.MethodInvocationHelper.invokeMethod(MethodInvocationHelper.java:141)\n\tat org.testng.internal.invokers.TestInvoker.invokeMethod(TestInvoker.java:686)\n\tat org.testng.internal.invokers.TestInvoker.invokeTestMethod(TestInvoker.java:230)\n\tat org.testng.internal.invokers.MethodRunner.runInSequence(MethodRunner.java:63)\n\tat org.testng.internal.invokers.TestInvoker$MethodInvocationAgent.invoke(TestInvoker.java:992)\n\tat org.testng.internal.invokers.TestInvoker.invokeTestMethods(TestInvoker.java:203)\n\tat org.testng.internal.invokers.TestMethodWorker.invokeTestMethods(TestMethodWorker.java:154)\n\tat org.testng.internal.invokers.TestMethodWorker.run(TestMethodWorker.java:134)\n\tat java.base/java.util.concurrent.Executors$RunnableAdapter.call(Executors.java:539)\n\tat java.base/java.util.concurrent.FutureTask.run(FutureTask.java:264)\n\tat org.testng.internal.thread.graph.TestNGFutureTask.run(TestNGFutureTask.java:22)\n\tat java.base/java.util.concurrent.ThreadPoolExecutor.runWorker(ThreadPoolExecutor.java:1136)\n\tat java.base/java.util.concurrent.ThreadPoolExecutor$Worker.run(ThreadPoolExecutor.java:635)\n\tat java.base/java.lang.Thread.run(Thread.java:840)\n","flaky":false,"newFailed":false,"newBroken":false,"newPassed":false,"retriesCount":0,"retriesStatusChange":false,"beforeStages":[{"name":"setupBrowserManager","time":{"start":1763258746998,"stop":1763258747005,"duration":7},"description":"","status":"passed","steps":[],"attachments":[],"parameters":[],"shouldDisplayMessage":false,"stepsCount":0,"attachmentsCount":0,"hasContent":false,"attachmentStep":false}],"testStage":{"status":"broken","statusMessage":"Cannot invoke \"ui.locators.LoginPage.getText(String)\" because \"this.loginPage\" is null","statusTrace":"java.lang.NullPointerException: Cannot invoke \"ui.locators.LoginPage.getText(String)\" because \"this.loginPage\" is null\n\tat ui.tests.LoginTests.unsuccessfulLoginWithWrongCredentialsTest(LoginTests.java:41)\n\tat java.base/jdk.internal.reflect.NativeMethodAccessorImpl.invoke0(Native Method)\n\tat java.base/jdk.internal.reflect.NativeMethodAccessorImpl.invoke(NativeMethodAccessorImpl.java:77)\n\tat java.base/jdk.internal.reflect.DelegatingMethodAccessorImpl.invoke(DelegatingMethodAccessorImpl.java:43)\n\tat java.base/java.lang.reflect.Method.invoke(Method.java:569)\n\tat org.testng.internal.invokers.MethodInvocationHelper.invokeMethod(MethodInvocationHelper.java:141)\n\tat org.testng.internal.invokers.TestInvoker.invokeMethod(TestInvoker.java:686)\n\tat org.testng.internal.invokers.TestInvoker.invokeTestMethod(TestInvoker.java:230)\n\tat org.testng.internal.invokers.MethodRunner.runInSequence(MethodRunner.java:63)\n\tat org.testng.internal.invokers.TestInvoker$MethodInvocationAgent.invoke(TestInvoker.java:992)\n\tat org.testng.internal.invokers.TestInvoker.invokeTestMethods(TestInvoker.java:203)\n\tat org.testng.internal.invokers.TestMethodWorker.invokeTestMethods(TestMethodWorker.java:154)\n\tat org.testng.internal.invokers.TestMethodWorker.run(TestMethodWorker.java:134)\n\tat java.base/java.util.concurrent.Executors$RunnableAdapter.call(Executors.java:539)\n\tat java.base/java.util.concurrent.FutureTask.run(FutureTask.java:264)\n\tat org.testng.internal.thread.graph.TestNGFutureTask.run(TestNGFutureTask.java:22)\n\tat java.base/java.util.concurrent.ThreadPoolExecutor.runWorker(ThreadPoolExecutor.java:1136)\n\tat java.base/java.util.concurrent.ThreadPoolExecutor$Worker.run(ThreadPoolExecutor.java:635)\n\tat java.base/java.lang.Thread.run(Thread.java:840)\n","steps":[{"name":"Started test: unsuccessfulLoginWithWrongCredentialsTest - Empty password","time":{"start":1763258748456,"stop":1763258748456,"duration":0},"status":"passed","steps":[],"attachments":[],"parameters":[],"shouldDisplayMessage":false,"stepsCount":0,"attachmentsCount":0,"hasContent":false,"attachmentStep":false},{"name":"Test method unsuccessfulLoginWithWrongCredentialsTest failed. Exception: Cannot invoke \"ui.locators.LoginPage.getText(String)\" because \"this.loginPage\" is null","time":{"start":1763258748457,"stop":1763258748457,"duration":0},"status":"failed","steps":[],"attachments":[],"parameters":[],"shouldDisplayMessage":false,"stepsCount":0,"attachmentsCount":0,"hasContent":false,"attachmentStep":false}],"attachments":[{"uid":"437df89d607bce0c","name":"Page is null","source":"437df89d607bce0c.txt","type":"text/plain","size":38}],"parameters":[],"shouldDisplayMessage":true,"stepsCount":2,"attachmentsCount":1,"hasContent":true,"attachmentStep":false},"afterStages":[{"name":"tearDown","time":{"start":1763258748459,"stop":1763258748459,"duration":0},"description":"","status":"passed","steps":[],"attachments":[],"parameters":[],"shouldDisplayMessage":false,"stepsCount":0,"attachmentsCount":0,"hasContent":false,"attachmentStep":false}],"labels":[{"name":"package","value":"ui.tests.LoginTests"},{"name":"testClass","value":"ui.tests.LoginTests"},{"name":"testMethod","value":"unsuccessfulLoginWithWrongCredentialsTest"},{"name":"parentSuite","value":"Smoke"},{"name":"suite","value":"Smoke"},{"name":"subSuite","value":"ui.tests.LoginTests"},{"name":"host","value":"459e37057d6f"},{"name":"thread","value":"178@459e37057d6f.TestNG-test-Smoke-1(19)"},{"name":"framework","value":"testng"},{"name":"language","value":"java"},{"name":"story","value":"User logs in with invalid credentials"},{"name":"resultFormat","value":"allure2"}],"parameters":[{"name":"email","value":"test@example.com"},{"name":"password","value":" "},{"name":"testScenario","value":"Empty password"}],"links":[],"hidden":false,"retry":false,"extra":{"severity":"normal","retries":[],"categories":[{"name":"Test defects","matchedStatuses":[]}],"tags":[]},"source":"1f0574224f3446d8.json","parameterValues":["test@example.com"," ","Empty password"]}